<?xml version="1.0" encoding="UTF-8"?>
<!-- Generated by org.testng.reporters.JUnitReportReporter -->
<testsuite hostname="DESKTOP-NN51RLO" failures="0" tests="2" name="crawling.app.crawl.TestRunner2" time="0.050" errors="0" timestamp="2024-10-03T11:25:15 IST" skipped="0">
  <testcase classname="crawling.app.crawl.TestRunner2" name="crawl" time="0.023"/>
  <testcase classname="crawling.app.crawl.TestRunner2" name="crawl" time="0.027"/>
</testsuite> <!-- crawling.app.crawl.TestRunner2 -->
