<?xml version="1.0" encoding="UTF-8"?>
<!-- Generated by org.testng.reporters.JUnitReportReporter -->
<testsuite hostname="DESKTOP-NN51RLO" failures="0" tests="2" name="crawling.app.crawl.TestRunner" time="14.410" errors="0" timestamp="2024-10-03T11:38:18 IST" skipped="0">
  <testcase classname="crawling.app.crawl.TestRunner" name="crawl" time="6.189"/>
  <testcase classname="crawling.app.crawl.TestRunner" name="crawl" time="8.221"/>
</testsuite> <!-- crawling.app.crawl.TestRunner -->
