<?xml version="1.0" encoding="UTF-8"?>
<!-- Generated by org.testng.reporters.JUnitReportReporter -->
<testsuite hostname="DESKTOP-NN51RLO" failures="0" tests="2" name="crawling.app.crawl.TestRunner" time="12.925" errors="0" timestamp="2024-11-14T23:15:20 IST" skipped="0">
  <testcase classname="crawling.app.crawl.TestRunner" name="crawl" time="7.867"/>
  <testcase classname="crawling.app.crawl.TestRunner" name="crawl" time="5.058"/>
</testsuite> <!-- crawling.app.crawl.TestRunner -->
