<?xml version="1.0" encoding="UTF-8"?>
<!-- Generated by org.testng.reporters.JUnitReportReporter -->
<testsuite hostname="DESKTOP-NN51RLO" failures="0" tests="1" name="crawling.app.crawl.AppTest" time="0.013" errors="0" timestamp="2024-10-01T17:37:04 IST" skipped="0">
  <testcase classname="crawling.app.crawl.AppTest" name="shouldAnswerWithTrue" time="0.013"/>
</testsuite> <!-- crawling.app.crawl.AppTest -->
